{"/home/z/my-project/frontend/src/App.tsx": {"path":"/home/z/my-project/frontend/src/App.tsx","statementMap":{"0":{"start":{"line":11,"column":21},"end":{"line":11,"column":null}},"1":{"start":{"line":14,"column":2},"end":{"line":18,"column":null}}},"fnMap":{"0":{"name":"App","decl":{"start":{"line":13,"column":24},"end":{"line":13,"column":49}},"loc":{"start":{"line":13,"column":49},"end":{"line":20,"column":null}},"line":13}},"branchMap":{},"s":{"0":1,"1":4},"f":{"0":4},"b":{},"meta":{"lastBranch":0,"lastFunction":1,"lastStatement":2,"seen":{"s:11:21:11:Infinity":0,"f:13:24:13:49":0,"s:14:2:18:Infinity":1}}}
,"/home/z/my-project/frontend/src/main.tsx": {"path":"/home/z/my-project/frontend/src/main.tsx","statementMap":{"0":{"start":{"line":6,"column":0},"end":{"line":10,"column":null}}},"fnMap":{},"branchMap":{},"s":{"0":0},"f":{},"b":{},"meta":{"lastBranch":0,"lastFunction":0,"lastStatement":1,"seen":{"s:6:0:10:Infinity":0}}}
,"/home/z/my-project/frontend/src/components/coach/InsightCoach.tsx": {"path":"/home/z/my-project/frontend/src/components/coach/InsightCoach.tsx","statementMap":{"0":{"start":{"line":26,"column":2},"end":{"line":37,"column":null}},"1":{"start":{"line":42,"column":2},"end":{"line":50,"column":null}},"2":{"start":{"line":61,"column":2},"end":{"line":65,"column":null}},"3":{"start":{"line":70,"column":2},"end":{"line":110,"column":null}},"4":{"start":{"line":99,"column":12},"end":{"line":99,"column":null}},"5":{"start":{"line":115,"column":2},"end":{"line":121,"column":null}},"6":{"start":{"line":132,"column":2},"end":{"line":142,"column":null}},"7":{"start":{"line":156,"column":20},"end":{"line":156,"column":null}},"8":{"start":{"line":157,"column":19},"end":{"line":157,"column":null}},"9":{"start":{"line":158,"column":16},"end":{"line":158,"column":null}},"10":{"start":{"line":160,"column":27},"end":{"line":160,"column":null}},"11":{"start":{"line":162,"column":26},"end":{"line":177,"column":null}},"12":{"start":{"line":163,"column":4},"end":{"line":163,"column":null}},"13":{"start":{"line":164,"column":4},"end":{"line":164,"column":null}},"14":{"start":{"line":165,"column":19},"end":{"line":170,"column":null}},"15":{"start":{"line":171,"column":4},"end":{"line":171,"column":null}},"16":{"start":{"line":172,"column":4},"end":{"line":176,"column":null}},"17":{"start":{"line":173,"column":6},"end":{"line":173,"column":null}},"18":{"start":{"line":175,"column":6},"end":{"line":175,"column":null}},"19":{"start":{"line":179,"column":2},"end":{"line":233,"column":null}}},"fnMap":{"0":{"name":"CoachLoadingState","decl":{"start":{"line":25,"column":9},"end":{"line":25,"column":48}},"loc":{"start":{"line":25,"column":48},"end":{"line":39,"column":null}},"line":25},"1":{"name":"CoachErrorState","decl":{"start":{"line":41,"column":9},"end":{"line":41,"column":25}},"loc":{"start":{"line":41,"column":85},"end":{"line":52,"column":null}},"line":41},"2":{"name":"ActionableStep","decl":{"start":{"line":54,"column":9},"end":{"line":54,"column":24}},"loc":{"start":{"line":60,"column":22},"end":{"line":67,"column":null}},"line":60},"3":{"name":"InsightContent","decl":{"start":{"line":69,"column":9},"end":{"line":69,"column":24}},"loc":{"start":{"line":69,"column":98},"end":{"line":112,"column":null}},"line":69},"4":{"name":"(anonymous_4)","decl":{"start":{"line":98,"column":37},"end":{"line":98,"column":42}},"loc":{"start":{"line":99,"column":12},"end":{"line":99,"column":null}},"line":99},"5":{"name":"CoachEmptyState","decl":{"start":{"line":114,"column":9},"end":{"line":114,"column":46}},"loc":{"start":{"line":114,"column":46},"end":{"line":123,"column":null}},"line":114},"6":{"name":"RequestInsightsButton","decl":{"start":{"line":125,"column":9},"end":{"line":125,"column":31}},"loc":{"start":{"line":131,"column":22},"end":{"line":144,"column":null}},"line":131},"7":{"name":"InsightCoach","decl":{"start":{"line":150,"column":16},"end":{"line":150,"column":29}},"loc":{"start":{"line":155,"column":41},"end":{"line":235,"column":null}},"line":155},"8":{"name":"(anonymous_8)","decl":{"start":{"line":162,"column":26},"end":{"line":162,"column":53}},"loc":{"start":{"line":162,"column":53},"end":{"line":177,"column":null}},"line":162}},"branchMap":{"0":{"loc":{"start":{"line":47,"column":9},"end":{"line":47,"column":null}},"type":"binary-expr","locations":[{"start":{"line":47,"column":9},"end":{"line":47,"column":25}},{"start":{"line":47,"column":25},"end":{"line":47,"column":null}}],"line":47},"1":{"loc":{"start":{"line":172,"column":4},"end":{"line":176,"column":null}},"type":"if","locations":[{"start":{"line":172,"column":4},"end":{"line":176,"column":null}},{"start":{"line":174,"column":11},"end":{"line":176,"column":null}}],"line":172},"2":{"loc":{"start":{"line":195,"column":7},"end":{"line":196,"column":null}},"type":"binary-expr","locations":[{"start":{"line":195,"column":7},"end":{"line":195,"column":18}},{"start":{"line":195,"column":18},"end":{"line":195,"column":39}},{"start":{"line":195,"column":39},"end":{"line":195,"column":null}},{"start":{"line":196,"column":8},"end":{"line":196,"column":null}}],"line":195},"3":{"loc":{"start":{"line":213,"column":9},"end":{"line":213,"column":null}},"type":"binary-expr","locations":[{"start":{"line":213,"column":9},"end":{"line":213,"column":22}},{"start":{"line":213,"column":22},"end":{"line":213,"column":null}}],"line":213},"4":{"loc":{"start":{"line":214,"column":9},"end":{"line":214,"column":null}},"type":"binary-expr","locations":[{"start":{"line":214,"column":9},"end":{"line":214,"column":23}},{"start":{"line":214,"column":23},"end":{"line":214,"column":41}},{"start":{"line":214,"column":41},"end":{"line":214,"column":null}}],"line":214},"5":{"loc":{"start":{"line":215,"column":9},"end":{"line":215,"column":null}},"type":"binary-expr","locations":[{"start":{"line":215,"column":9},"end":{"line":215,"column":23}},{"start":{"line":215,"column":23},"end":{"line":215,"column":44}},{"start":{"line":215,"column":44},"end":{"line":215,"column":null}}],"line":215},"6":{"loc":{"start":{"line":216,"column":9},"end":{"line":216,"column":null}},"type":"binary-expr","locations":[{"start":{"line":216,"column":9},"end":{"line":216,"column":23}},{"start":{"line":216,"column":23},"end":{"line":216,"column":44}},{"start":{"line":216,"column":44},"end":{"line":216,"column":62}},{"start":{"line":216,"column":62},"end":{"line":216,"column":74}},{"start":{"line":216,"column":74},"end":{"line":216,"column":null}}],"line":216},"7":{"loc":{"start":{"line":219,"column":7},"end":{"line":231,"column":null}},"type":"binary-expr","locations":[{"start":{"line":219,"column":7},"end":{"line":219,"column":null}},{"start":{"line":220,"column":8},"end":{"line":231,"column":null}}],"line":219}},"s":{"0":0,"1":0,"2":0,"3":0,"4":0,"5":0,"6":0,"7":0,"8":0,"9":0,"10":0,"11":0,"12":0,"13":0,"14":0,"15":0,"16":0,"17":0,"18":0,"19":0},"f":{"0":0,"1":0,"2":0,"3":0,"4":0,"5":0,"6":0,"7":0,"8":0},"b":{"0":[0,0],"1":[0,0],"2":[0,0,0,0],"3":[0,0],"4":[0,0,0],"5":[0,0,0],"6":[0,0,0,0,0],"7":[0,0]},"meta":{"lastBranch":8,"lastFunction":9,"lastStatement":20,"seen":{"f:25:9:25:48":0,"s:26:2:37:Infinity":0,"f:41:9:41:25":1,"s:42:2:50:Infinity":1,"b:47:9:47:25:47:25:47:Infinity":0,"f:54:9:54:24":2,"s:61:2:65:Infinity":2,"f:69:9:69:24":3,"s:70:2:110:Infinity":3,"f:98:37:98:42":4,"s:99:12:99:Infinity":4,"f:114:9:114:46":5,"s:115:2:121:Infinity":5,"f:125:9:125:31":6,"s:132:2:142:Infinity":6,"f:150:16:150:29":7,"s:156:20:156:Infinity":7,"s:157:19:157:Infinity":8,"s:158:16:158:Infinity":9,"s:160:27:160:Infinity":10,"s:162:26:177:Infinity":11,"f:162:26:162:53":8,"s:163:4:163:Infinity":12,"s:164:4:164:Infinity":13,"s:165:19:170:Infinity":14,"s:171:4:171:Infinity":15,"b:172:4:176:Infinity:174:11:176:Infinity":1,"s:172:4:176:Infinity":16,"s:173:6:173:Infinity":17,"s:175:6:175:Infinity":18,"s:179:2:233:Infinity":19,"b:195:7:195:18:195:18:195:39:195:39:195:Infinity:196:8:196:Infinity":2,"b:213:9:213:22:213:22:213:Infinity":3,"b:214:9:214:23:214:23:214:41:214:41:214:Infinity":4,"b:215:9:215:23:215:23:215:44:215:44:215:Infinity":5,"b:216:9:216:23:216:23:216:44:216:44:216:62:216:62:216:74:216:74:216:Infinity":6,"b:219:7:219:Infinity:220:8:231:Infinity":7}}}
,"/home/z/my-project/frontend/src/components/dashboard/CarbonDashboard.tsx": {"path":"/home/z/my-project/frontend/src/components/dashboard/CarbonDashboard.tsx","statementMap":{"0":{"start":{"line":31,"column":22},"end":{"line":31,"column":null}},"1":{"start":{"line":32,"column":2},"end":{"line":49,"column":null}},"2":{"start":{"line":33,"column":4},"end":{"line":48,"column":null}},"3":{"start":{"line":34,"column":23},"end":{"line":34,"column":null}},"4":{"start":{"line":35,"column":6},"end":{"line":47,"column":null}},"5":{"start":{"line":36,"column":8},"end":{"line":40,"column":null}},"6":{"start":{"line":42,"column":8},"end":{"line":46,"column":null}},"7":{"start":{"line":50,"column":2},"end":{"line":55,"column":null}},"8":{"start":{"line":50,"column":70},"end":{"line":55,"column":4}},"9":{"start":{"line":59,"column":2},"end":{"line":59,"column":null}},"10":{"start":{"line":59,"column":46},"end":{"line":59,"column":71}},"11":{"start":{"line":77,"column":2},"end":{"line":86,"column":null}},"12":{"start":{"line":91,"column":2},"end":{"line":95,"column":null}},"13":{"start":{"line":104,"column":2},"end":{"line":104,"column":null}},"14":{"start":{"line":104,"column":25},"end":{"line":104,"column":null}},"15":{"start":{"line":105,"column":2},"end":{"line":130,"column":null}},"16":{"start":{"line":108,"column":8},"end":{"line":128,"column":null}},"17":{"start":{"line":119,"column":14},"end":{"line":125,"column":null}},"18":{"start":{"line":139,"column":16},"end":{"line":139,"column":null}},"19":{"start":{"line":140,"column":21},"end":{"line":140,"column":null}},"20":{"start":{"line":140,"column":45},"end":{"line":140,"column":66}},"21":{"start":{"line":141,"column":2},"end":{"line":161,"column":null}},"22":{"start":{"line":169,"column":48},"end":{"line":174,"column":null}},"23":{"start":{"line":181,"column":20},"end":{"line":185,"column":null}},"24":{"start":{"line":181,"column":46},"end":{"line":185,"column":4}},"25":{"start":{"line":187,"column":2},"end":{"line":221,"column":null}},"26":{"start":{"line":212,"column":34},"end":{"line":212,"column":null}},"27":{"start":{"line":216,"column":14},"end":{"line":216,"column":null}},"28":{"start":{"line":230,"column":15},"end":{"line":230,"column":null}},"29":{"start":{"line":232,"column":8},"end":{"line":234,"column":null}},"30":{"start":{"line":233,"column":4},"end":{"line":233,"column":null}},"31":{"start":{"line":233,"column":22},"end":{"line":233,"column":39}},"32":{"start":{"line":236,"column":20},"end":{"line":236,"column":null}},"33":{"start":{"line":237,"column":20},"end":{"line":237,"column":null}},"34":{"start":{"line":238,"column":21},"end":{"line":238,"column":null}},"35":{"start":{"line":240,"column":2},"end":{"line":314,"column":null}}},"fnMap":{"0":{"name":"buildEmissionBreakdown","decl":{"start":{"line":28,"column":9},"end":{"line":28,"column":null}},"loc":{"start":{"line":30,"column":26},"end":{"line":56,"column":null}},"line":30},"1":{"name":"(anonymous_1)","decl":{"start":{"line":50,"column":43},"end":{"line":50,"column":48}},"loc":{"start":{"line":50,"column":70},"end":{"line":55,"column":4}},"line":50},"2":{"name":"computeTotalCo2e","decl":{"start":{"line":58,"column":9},"end":{"line":58,"column":26}},"loc":{"start":{"line":58,"column":78},"end":{"line":60,"column":null}},"line":58},"3":{"name":"(anonymous_3)","decl":{"start":{"line":59,"column":25},"end":{"line":59,"column":33}},"loc":{"start":{"line":59,"column":46},"end":{"line":59,"column":71}},"line":59},"4":{"name":"DashboardStat","decl":{"start":{"line":66,"column":9},"end":{"line":66,"column":23}},"loc":{"start":{"line":76,"column":22},"end":{"line":88,"column":null}},"line":76},"5":{"name":"EmptyLogState","decl":{"start":{"line":90,"column":9},"end":{"line":90,"column":44}},"loc":{"start":{"line":90,"column":44},"end":{"line":97,"column":null}},"line":90},"6":{"name":"ActivityLogList","decl":{"start":{"line":99,"column":9},"end":{"line":99,"column":25}},"loc":{"start":{"line":103,"column":22},"end":{"line":132,"column":null}},"line":103},"7":{"name":"(anonymous_7)","decl":{"start":{"line":107,"column":12},"end":{"line":107,"column":17}},"loc":{"start":{"line":108,"column":8},"end":{"line":128,"column":null}},"line":108},"8":{"name":"(anonymous_8)","decl":{"start":{"line":118,"column":25},"end":{"line":118,"column":30}},"loc":{"start":{"line":119,"column":14},"end":{"line":125,"column":null}},"line":119},"9":{"name":"SummaryStats","decl":{"start":{"line":134,"column":9},"end":{"line":134,"column":22}},"loc":{"start":{"line":138,"column":22},"end":{"line":163,"column":null}},"line":138},"10":{"name":"(anonymous_10)","decl":{"start":{"line":140,"column":26},"end":{"line":140,"column":34}},"loc":{"start":{"line":140,"column":45},"end":{"line":140,"column":66}},"line":140},"11":{"name":"EmissionChart","decl":{"start":{"line":176,"column":9},"end":{"line":176,"column":23}},"loc":{"start":{"line":180,"column":22},"end":{"line":223,"column":null}},"line":180},"12":{"name":"(anonymous_12)","decl":{"start":{"line":181,"column":30},"end":{"line":181,"column":35}},"loc":{"start":{"line":181,"column":46},"end":{"line":185,"column":4}},"line":181},"13":{"name":"(anonymous_13)","decl":{"start":{"line":212,"column":12},"end":{"line":212,"column":24}},"loc":{"start":{"line":212,"column":34},"end":{"line":212,"column":null}},"line":212},"14":{"name":"(anonymous_14)","decl":{"start":{"line":215,"column":23},"end":{"line":215,"column":28}},"loc":{"start":{"line":216,"column":14},"end":{"line":216,"column":null}},"line":216},"15":{"name":"CarbonDashboard","decl":{"start":{"line":229,"column":16},"end":{"line":229,"column":32}},"loc":{"start":{"line":229,"column":85},"end":{"line":316,"column":null}},"line":229},"16":{"name":"(anonymous_16)","decl":{"start":{"line":232,"column":27},"end":{"line":232,"column":40}},"loc":{"start":{"line":232,"column":84},"end":{"line":234,"column":5}},"line":232},"17":{"name":"(anonymous_17)","decl":{"start":{"line":233,"column":4},"end":{"line":233,"column":13}},"loc":{"start":{"line":233,"column":22},"end":{"line":233,"column":39}},"line":233}},"branchMap":{"0":{"loc":{"start":{"line":35,"column":6},"end":{"line":47,"column":null}},"type":"if","locations":[{"start":{"line":35,"column":6},"end":{"line":47,"column":null}},{"start":{"line":41,"column":13},"end":{"line":47,"column":null}}],"line":35},"1":{"loc":{"start":{"line":104,"column":2},"end":{"line":104,"column":null}},"type":"if","locations":[{"start":{"line":104,"column":2},"end":{"line":104,"column":null}},{"start":{},"end":{}}],"line":104},"2":{"loc":{"start":{"line":114,"column":33},"end":{"line":114,"column":null}},"type":"cond-expr","locations":[{"start":{"line":114,"column":57},"end":{"line":114,"column":67}},{"start":{"line":114,"column":67},"end":{"line":114,"column":null}}],"line":114},"3":{"loc":{"start":{"line":184,"column":11},"end":{"line":184,"column":null}},"type":"binary-expr","locations":[{"start":{"line":184,"column":11},"end":{"line":184,"column":46}},{"start":{"line":184,"column":46},"end":{"line":184,"column":null}}],"line":184},"4":{"loc":{"start":{"line":244,"column":7},"end":{"line":244,"column":null}},"type":"binary-expr","locations":[{"start":{"line":244,"column":7},"end":{"line":244,"column":26}},{"start":{"line":244,"column":26},"end":{"line":244,"column":null}}],"line":244},"5":{"loc":{"start":{"line":247,"column":7},"end":{"line":258,"column":null}},"type":"binary-expr","locations":[{"start":{"line":247,"column":7},"end":{"line":247,"column":null}},{"start":{"line":248,"column":8},"end":{"line":258,"column":null}}],"line":247}},"s":{"0":6,"1":6,"2":0,"3":0,"4":0,"5":0,"6":0,"7":6,"8":0,"9":6,"10":0,"11":0,"12":6,"13":6,"14":6,"15":0,"16":0,"17":0,"18":0,"19":0,"20":0,"21":0,"22":1,"23":0,"24":0,"25":0,"26":0,"27":0,"28":6,"29":6,"30":0,"31":0,"32":6,"33":6,"34":6,"35":6},"f":{"0":6,"1":0,"2":6,"3":0,"4":0,"5":6,"6":6,"7":0,"8":0,"9":0,"10":0,"11":0,"12":0,"13":0,"14":0,"15":6,"16":0,"17":0},"b":{"0":[0,0],"1":[6,0],"2":[0,0],"3":[0,0],"4":[6,0],"5":[6,0]},"meta":{"lastBranch":6,"lastFunction":18,"lastStatement":36,"seen":{"f:28:9:28:Infinity":0,"s:31:22:31:Infinity":0,"s:32:2:49:Infinity":1,"s:33:4:48:Infinity":2,"s:34:23:34:Infinity":3,"b:35:6:47:Infinity:41:13:47:Infinity":0,"s:35:6:47:Infinity":4,"s:36:8:40:Infinity":5,"s:42:8:46:Infinity":6,"s:50:2:55:Infinity":7,"f:50:43:50:48":1,"s:50:70:55:4":8,"f:58:9:58:26":2,"s:59:2:59:Infinity":9,"f:59:25:59:33":3,"s:59:46:59:71":10,"f:66:9:66:23":4,"s:77:2:86:Infinity":11,"f:90:9:90:44":5,"s:91:2:95:Infinity":12,"f:99:9:99:25":6,"b:104:2:104:Infinity:undefined:undefined:undefined:undefined":1,"s:104:2:104:Infinity":13,"s:104:25:104:Infinity":14,"s:105:2:130:Infinity":15,"f:107:12:107:17":7,"s:108:8:128:Infinity":16,"b:114:57:114:67:114:67:114:Infinity":2,"f:118:25:118:30":8,"s:119:14:125:Infinity":17,"f:134:9:134:22":9,"s:139:16:139:Infinity":18,"s:140:21:140:Infinity":19,"f:140:26:140:34":10,"s:140:45:140:66":20,"s:141:2:161:Infinity":21,"s:169:48:174:Infinity":22,"f:176:9:176:23":11,"s:181:20:185:Infinity":23,"f:181:30:181:35":12,"s:181:46:185:4":24,"b:184:11:184:46:184:46:184:Infinity":3,"s:187:2:221:Infinity":25,"f:212:12:212:24":13,"s:212:34:212:Infinity":26,"f:215:23:215:28":14,"s:216:14:216:Infinity":27,"f:229:16:229:32":15,"s:230:15:230:Infinity":28,"s:232:8:234:Infinity":29,"f:232:27:232:40":16,"s:233:4:233:Infinity":30,"f:233:4:233:13":17,"s:233:22:233:39":31,"s:236:20:236:Infinity":32,"s:237:20:237:Infinity":33,"s:238:21:238:Infinity":34,"s:240:2:314:Infinity":35,"b:244:7:244:26:244:26:244:Infinity":4,"b:247:7:247:Infinity:248:8:258:Infinity":5}}}
,"/home/z/my-project/frontend/src/components/footprint/LogActivityForm.tsx": {"path":"/home/z/my-project/frontend/src/components/footprint/LogActivityForm.tsx","statementMap":{"0":{"start":{"line":33,"column":72},"end":{"line":37,"column":null}},"1":{"start":{"line":69,"column":2},"end":{"line":69,"column":null}},"2":{"start":{"line":69,"column":47},"end":{"line":69,"column":null}},"3":{"start":{"line":70,"column":2},"end":{"line":73,"column":null}},"4":{"start":{"line":78,"column":2},"end":{"line":84,"column":null}},"5":{"start":{"line":89,"column":2},"end":{"line":106,"column":null}},"6":{"start":{"line":115,"column":15},"end":{"line":115,"column":null}},"7":{"start":{"line":116,"column":2},"end":{"line":158,"column":null}},"8":{"start":{"line":163,"column":15},"end":{"line":163,"column":null}},"9":{"start":{"line":164,"column":2},"end":{"line":204,"column":null}},"10":{"start":{"line":209,"column":15},"end":{"line":209,"column":null}},"11":{"start":{"line":210,"column":2},"end":{"line":250,"column":null}},"12":{"start":{"line":259,"column":15},"end":{"line":259,"column":null}},"13":{"start":{"line":260,"column":2},"end":{"line":262,"column":null}},"14":{"start":{"line":261,"column":4},"end":{"line":261,"column":null}},"15":{"start":{"line":263,"column":2},"end":{"line":265,"column":null}},"16":{"start":{"line":264,"column":4},"end":{"line":264,"column":null}},"17":{"start":{"line":266,"column":2},"end":{"line":266,"column":null}},"18":{"start":{"line":274,"column":27},"end":{"line":274,"column":null}},"19":{"start":{"line":275,"column":19},"end":{"line":275,"column":null}},"20":{"start":{"line":281,"column":25},"end":{"line":285,"column":null}},"21":{"start":{"line":287,"column":19},"end":{"line":301,"column":null}},"22":{"start":{"line":288,"column":4},"end":{"line":288,"column":null}},"23":{"start":{"line":289,"column":18},"end":{"line":289,"column":null}},"24":{"start":{"line":290,"column":19},"end":{"line":294,"column":null}},"25":{"start":{"line":295,"column":4},"end":{"line":300,"column":null}},"26":{"start":{"line":296,"column":6},"end":{"line":296,"column":null}},"27":{"start":{"line":297,"column":6},"end":{"line":297,"column":null}},"28":{"start":{"line":299,"column":6},"end":{"line":299,"column":null}},"29":{"start":{"line":303,"column":8},"end":{"line":307,"column":null}},"30":{"start":{"line":304,"column":17},"end":{"line":304,"column":null}},"31":{"start":{"line":305,"column":4},"end":{"line":305,"column":null}},"32":{"start":{"line":306,"column":4},"end":{"line":306,"column":null}},"33":{"start":{"line":309,"column":2},"end":{"line":396,"column":null}}},"fnMap":{"0":{"name":"FieldError","decl":{"start":{"line":68,"column":9},"end":{"line":68,"column":20}},"loc":{"start":{"line":68,"column":80},"end":{"line":75,"column":null}},"line":68},"1":{"name":"FormSection","decl":{"start":{"line":77,"column":9},"end":{"line":77,"column":21}},"loc":{"start":{"line":77,"column":90},"end":{"line":86,"column":null}},"line":77},"2":{"name":"SubmitButton","decl":{"start":{"line":88,"column":9},"end":{"line":88,"column":22}},"loc":{"start":{"line":88,"column":95},"end":{"line":108,"column":null}},"line":88},"3":{"name":"TransportFields","decl":{"start":{"line":114,"column":9},"end":{"line":114,"column":25}},"loc":{"start":{"line":114,"column":87},"end":{"line":160,"column":null}},"line":114},"4":{"name":"EnergyFields","decl":{"start":{"line":162,"column":9},"end":{"line":162,"column":22}},"loc":{"start":{"line":162,"column":84},"end":{"line":206,"column":null}},"line":162},"5":{"name":"DietFields","decl":{"start":{"line":208,"column":9},"end":{"line":208,"column":20}},"loc":{"start":{"line":208,"column":82},"end":{"line":252,"column":null}},"line":208},"6":{"name":"buildActivityEntry","decl":{"start":{"line":258,"column":9},"end":{"line":258,"column":28}},"loc":{"start":{"line":258,"column":71},"end":{"line":267,"column":null}},"line":258},"7":{"name":"LogActivityForm","decl":{"start":{"line":273,"column":16},"end":{"line":273,"column":32}},"loc":{"start":{"line":273,"column":96},"end":{"line":398,"column":null}},"line":273},"8":{"name":"(anonymous_8)","decl":{"start":{"line":287,"column":19},"end":{"line":287,"column":26}},"loc":{"start":{"line":287,"column":72},"end":{"line":301,"column":null}},"line":287},"9":{"name":"(anonymous_9)","decl":{"start":{"line":303,"column":8},"end":{"line":303,"column":32}},"loc":{"start":{"line":303,"column":86},"end":{"line":307,"column":null}},"line":303}},"branchMap":{"0":{"loc":{"start":{"line":69,"column":2},"end":{"line":69,"column":null}},"type":"if","locations":[{"start":{"line":69,"column":2},"end":{"line":69,"column":null}},{"start":{},"end":{}}],"line":69},"1":{"loc":{"start":{"line":69,"column":6},"end":{"line":69,"column":47}},"type":"binary-expr","locations":[{"start":{"line":69,"column":6},"end":{"line":69,"column":31}},{"start":{"line":69,"column":31},"end":{"line":69,"column":47}}],"line":69},"2":{"loc":{"start":{"line":94,"column":18},"end":{"line":94,"column":null}},"type":"cond-expr","locations":[{"start":{"line":94,"column":33},"end":{"line":94,"column":64}},{"start":{"line":94,"column":64},"end":{"line":94,"column":null}}],"line":94},"3":{"loc":{"start":{"line":98,"column":7},"end":{"line":104,"column":null}},"type":"cond-expr","locations":[{"start":{"line":99,"column":8},"end":{"line":104,"column":null}},{"start":{"line":104,"column":8},"end":{"line":104,"column":null}}],"line":98},"4":{"loc":{"start":{"line":260,"column":2},"end":{"line":262,"column":null}},"type":"if","locations":[{"start":{"line":260,"column":2},"end":{"line":262,"column":null}},{"start":{},"end":{}}],"line":260},"5":{"loc":{"start":{"line":263,"column":2},"end":{"line":265,"column":null}},"type":"if","locations":[{"start":{"line":263,"column":2},"end":{"line":265,"column":null}},{"start":{},"end":{}}],"line":263},"6":{"loc":{"start":{"line":295,"column":4},"end":{"line":300,"column":null}},"type":"if","locations":[{"start":{"line":295,"column":4},"end":{"line":300,"column":null}},{"start":{"line":298,"column":11},"end":{"line":300,"column":null}}],"line":295},"7":{"loc":{"start":{"line":378,"column":7},"end":{"line":379,"column":null}},"type":"binary-expr","locations":[{"start":{"line":378,"column":7},"end":{"line":378,"column":null}},{"start":{"line":379,"column":8},"end":{"line":379,"column":null}}],"line":378},"8":{"loc":{"start":{"line":381,"column":7},"end":{"line":382,"column":null}},"type":"binary-expr","locations":[{"start":{"line":381,"column":7},"end":{"line":381,"column":null}},{"start":{"line":382,"column":8},"end":{"line":382,"column":null}}],"line":381},"9":{"loc":{"start":{"line":384,"column":7},"end":{"line":385,"column":null}},"type":"binary-expr","locations":[{"start":{"line":384,"column":7},"end":{"line":384,"column":null}},{"start":{"line":385,"column":8},"end":{"line":385,"column":null}}],"line":384},"10":{"loc":{"start":{"line":388,"column":7},"end":{"line":392,"column":null}},"type":"binary-expr","locations":[{"start":{"line":388,"column":7},"end":{"line":388,"column":null}},{"start":{"line":389,"column":8},"end":{"line":392,"column":null}}],"line":388},"11":{"loc":{"start":{"line":391,"column":11},"end":{"line":391,"column":null}},"type":"binary-expr","locations":[{"start":{"line":391,"column":11},"end":{"line":391,"column":30}},{"start":{"line":391,"column":30},"end":{"line":391,"column":null}}],"line":391}},"s":{"0":1,"1":120,"2":120,"3":0,"4":60,"5":30,"6":28,"7":28,"8":1,"9":1,"10":1,"11":1,"12":3,"13":3,"14":3,"15":0,"16":0,"17":0,"18":30,"19":30,"20":30,"21":30,"22":3,"23":3,"24":3,"25":3,"26":2,"27":2,"28":1,"29":30,"30":2,"31":2,"32":2,"33":30},"f":{"0":120,"1":60,"2":30,"3":28,"4":1,"5":1,"6":3,"7":30,"8":3,"9":2},"b":{"0":[120,0],"1":[120,0],"2":[3,27],"3":[3,27],"4":[3,0],"5":[0,0],"6":[2,1],"7":[30,28],"8":[30,1],"9":[30,1],"10":[30,1],"11":[1,0]},"meta":{"lastBranch":12,"lastFunction":10,"lastStatement":34,"seen":{"s:33:72:37:Infinity":0,"f:68:9:68:20":0,"b:69:2:69:Infinity:undefined:undefined:undefined:undefined":0,"s:69:2:69:Infinity":1,"b:69:6:69:31:69:31:69:47":1,"s:69:47:69:Infinity":2,"s:70:2:73:Infinity":3,"f:77:9:77:21":1,"s:78:2:84:Infinity":4,"f:88:9:88:22":2,"s:89:2:106:Infinity":5,"b:94:33:94:64:94:64:94:Infinity":2,"b:99:8:104:Infinity:104:8:104:Infinity":3,"f:114:9:114:25":3,"s:115:15:115:Infinity":6,"s:116:2:158:Infinity":7,"f:162:9:162:22":4,"s:163:15:163:Infinity":8,"s:164:2:204:Infinity":9,"f:208:9:208:20":5,"s:209:15:209:Infinity":10,"s:210:2:250:Infinity":11,"f:258:9:258:28":6,"s:259:15:259:Infinity":12,"b:260:2:262:Infinity:undefined:undefined:undefined:undefined":4,"s:260:2:262:Infinity":13,"s:261:4:261:Infinity":14,"b:263:2:265:Infinity:undefined:undefined:undefined:undefined":5,"s:263:2:265:Infinity":15,"s:264:4:264:Infinity":16,"s:266:2:266:Infinity":17,"f:273:16:273:32":7,"s:274:27:274:Infinity":18,"s:275:19:275:Infinity":19,"s:281:25:285:Infinity":20,"s:287:19:301:Infinity":21,"f:287:19:287:26":8,"s:288:4:288:Infinity":22,"s:289:18:289:Infinity":23,"s:290:19:294:Infinity":24,"b:295:4:300:Infinity:298:11:300:Infinity":6,"s:295:4:300:Infinity":25,"s:296:6:296:Infinity":26,"s:297:6:297:Infinity":27,"s:299:6:299:Infinity":28,"s:303:8:307:Infinity":29,"f:303:8:303:32":9,"s:304:17:304:Infinity":30,"s:305:4:305:Infinity":31,"s:306:4:306:Infinity":32,"s:309:2:396:Infinity":33,"b:378:7:378:Infinity:379:8:379:Infinity":7,"b:381:7:381:Infinity:382:8:382:Infinity":8,"b:384:7:384:Infinity:385:8:385:Infinity":9,"b:388:7:388:Infinity:389:8:392:Infinity":10,"b:391:11:391:30:391:30:391:Infinity":11}}}
,"/home/z/my-project/frontend/src/components/layout/AppLayout.tsx": {"path":"/home/z/my-project/frontend/src/components/layout/AppLayout.tsx","statementMap":{"0":{"start":{"line":10,"column":2},"end":{"line":17,"column":null}},"1":{"start":{"line":22,"column":2},"end":{"line":25,"column":null}},"2":{"start":{"line":30,"column":2},"end":{"line":37,"column":null}}},"fnMap":{"0":{"name":"AppHeader","decl":{"start":{"line":9,"column":9},"end":{"line":9,"column":40}},"loc":{"start":{"line":9,"column":40},"end":{"line":19,"column":null}},"line":9},"1":{"name":"AppFooter","decl":{"start":{"line":21,"column":9},"end":{"line":21,"column":40}},"loc":{"start":{"line":21,"column":40},"end":{"line":27,"column":null}},"line":21},"2":{"name":"AppLayout","decl":{"start":{"line":29,"column":16},"end":{"line":29,"column":26}},"loc":{"start":{"line":29,"column":75},"end":{"line":39,"column":null}},"line":29}},"branchMap":{},"s":{"0":4,"1":4,"2":4},"f":{"0":4,"1":4,"2":4},"b":{},"meta":{"lastBranch":0,"lastFunction":3,"lastStatement":3,"seen":{"f:9:9:9:40":0,"s:10:2:17:Infinity":0,"f:21:9:21:40":1,"s:22:2:25:Infinity":1,"f:29:16:29:26":2,"s:30:2:37:Infinity":2}}}
,"/home/z/my-project/frontend/src/components/layout/LoadingIndicator.tsx": {"path":"/home/z/my-project/frontend/src/components/layout/LoadingIndicator.tsx","statementMap":{"0":{"start":{"line":8,"column":2},"end":{"line":12,"column":null}}},"fnMap":{"0":{"name":"LoadingIndicator","decl":{"start":{"line":7,"column":16},"end":{"line":7,"column":33}},"loc":{"start":{"line":7,"column":108},"end":{"line":14,"column":null}},"line":7}},"branchMap":{"0":{"loc":{"start":{"line":7,"column":35},"end":{"line":7,"column":108}},"type":"default-arg","locations":[{"start":{"line":7,"column":45},"end":{"line":7,"column":108}}],"line":7}},"s":{"0":0},"f":{"0":0},"b":{"0":[0]},"meta":{"lastBranch":1,"lastFunction":1,"lastStatement":1,"seen":{"f:7:16:7:33":0,"b:7:45:7:108":0,"s:8:2:12:Infinity":0}}}
,"/home/z/my-project/frontend/src/constants/app.constants.ts": {"path":"/home/z/my-project/frontend/src/constants/app.constants.ts","statementMap":{"0":{"start":{"line":1,"column":29},"end":{"line":11,"column":null}}},"fnMap":{},"branchMap":{"0":{"loc":{"start":{"line":4,"column":16},"end":{"line":4,"column":null}},"type":"binary-expr","locations":[{"start":{"line":4,"column":16},"end":{"line":4,"column":53}},{"start":{"line":4,"column":53},"end":{"line":4,"column":null}}],"line":4}},"s":{"0":2},"f":{},"b":{"0":[2,2]},"meta":{"lastBranch":1,"lastFunction":0,"lastStatement":1,"seen":{"s:1:29:11:Infinity":0,"b:4:16:4:53:4:53:4:Infinity":0}}}
,"/home/z/my-project/frontend/src/schemas/activity-form.schema.ts": {"path":"/home/z/my-project/frontend/src/schemas/activity-form.schema.ts","statementMap":{"0":{"start":{"line":8,"column":6},"end":{"line":9,"column":null}},"1":{"start":{"line":9,"column":2},"end":{"line":9,"column":null}},"2":{"start":{"line":11,"column":35},"end":{"line":19,"column":null}},"3":{"start":{"line":21,"column":32},"end":{"line":32,"column":null}},"4":{"start":{"line":34,"column":30},"end":{"line":46,"column":null}},"5":{"start":{"line":48,"column":34},"end":{"line":52,"column":null}},"6":{"start":{"line":59,"column":55},"end":{"line":65,"column":null}},"7":{"start":{"line":67,"column":49},"end":{"line":73,"column":null}},"8":{"start":{"line":75,"column":45},"end":{"line":81,"column":null}}},"fnMap":{"0":{"name":"(anonymous_0)","decl":{"start":{"line":8,"column":6},"end":{"line":8,"column":24}},"loc":{"start":{"line":9,"column":2},"end":{"line":9,"column":null}},"line":9}},"branchMap":{},"s":{"0":2,"1":2,"2":2,"3":2,"4":2,"5":2,"6":2,"7":2,"8":2},"f":{"0":2},"b":{},"meta":{"lastBranch":0,"lastFunction":1,"lastStatement":9,"seen":{"s:8:6:9:Infinity":0,"f:8:6:8:24":0,"s:9:2:9:Infinity":1,"s:11:35:19:Infinity":2,"s:21:32:32:Infinity":3,"s:34:30:46:Infinity":4,"s:48:34:52:Infinity":5,"s:59:55:65:Infinity":6,"s:67:49:73:Infinity":7,"s:75:45:81:Infinity":8}}}
,"/home/z/my-project/frontend/src/services/apiClient.ts": {"path":"/home/z/my-project/frontend/src/services/apiClient.ts","statementMap":{"0":{"start":{"line":110,"column":51},"end":{"line":110,"column":null}},"1":{"start":{"line":111,"column":2},"end":{"line":111,"column":null}},"2":{"start":{"line":115,"column":2},"end":{"line":124,"column":null}},"3":{"start":{"line":116,"column":19},"end":{"line":116,"column":null}},"4":{"start":{"line":118,"column":6},"end":{"line":122,"column":null}},"5":{"start":{"line":123,"column":4},"end":{"line":123,"column":null}},"6":{"start":{"line":125,"column":2},"end":{"line":127,"column":null}},"7":{"start":{"line":126,"column":4},"end":{"line":126,"column":null}},"8":{"start":{"line":128,"column":2},"end":{"line":128,"column":null}},"9":{"start":{"line":136,"column":2},"end":{"line":140,"column":null}},"10":{"start":{"line":143,"column":34},"end":{"line":143,"column":null}},"11":{"start":{"line":152,"column":2},"end":{"line":160,"column":null}},"12":{"start":{"line":153,"column":63},"end":{"line":156,"column":null}},"13":{"start":{"line":157,"column":4},"end":{"line":157,"column":null}},"14":{"start":{"line":159,"column":4},"end":{"line":159,"column":null}},"15":{"start":{"line":166,"column":2},"end":{"line":174,"column":null}},"16":{"start":{"line":167,"column":54},"end":{"line":170,"column":null}},"17":{"start":{"line":171,"column":4},"end":{"line":171,"column":null}},"18":{"start":{"line":173,"column":4},"end":{"line":173,"column":null}},"19":{"start":{"line":196,"column":2},"end":{"line":204,"column":null}},"20":{"start":{"line":197,"column":62},"end":{"line":200,"column":null}},"21":{"start":{"line":201,"column":4},"end":{"line":201,"column":null}},"22":{"start":{"line":203,"column":4},"end":{"line":203,"column":null}},"23":{"start":{"line":211,"column":2},"end":{"line":219,"column":null}},"24":{"start":{"line":212,"column":62},"end":{"line":215,"column":null}},"25":{"start":{"line":216,"column":4},"end":{"line":216,"column":null}},"26":{"start":{"line":218,"column":4},"end":{"line":218,"column":null}},"27":{"start":{"line":222,"column":25},"end":{"line":227,"column":null}}},"fnMap":{"0":{"name":"mapStatusToCode","decl":{"start":{"line":109,"column":9},"end":{"line":109,"column":25}},"loc":{"start":{"line":109,"column":55},"end":{"line":112,"column":null}},"line":109},"1":{"name":"buildApiError","decl":{"start":{"line":114,"column":9},"end":{"line":114,"column":23}},"loc":{"start":{"line":114,"column":50},"end":{"line":129,"column":null}},"line":114},"2":{"name":"createAxiosInstance","decl":{"start":{"line":135,"column":9},"end":{"line":135,"column":46}},"loc":{"start":{"line":135,"column":46},"end":{"line":141,"column":null}},"line":135},"3":{"name":"postFootprintLog","decl":{"start":{"line":149,"column":15},"end":{"line":149,"column":null}},"loc":{"start":{"line":151,"column":49},"end":{"line":161,"column":null}},"line":151},"4":{"name":"postInsightsRequest","decl":{"start":{"line":163,"column":15},"end":{"line":163,"column":null}},"loc":{"start":{"line":165,"column":40},"end":{"line":175,"column":null}},"line":165},"5":{"name":"getFootprintHistory","decl":{"start":{"line":192,"column":15},"end":{"line":192,"column":null}},"loc":{"start":{"line":195,"column":48},"end":{"line":205,"column":null}},"line":195},"6":{"name":"getFootprintSummary","decl":{"start":{"line":207,"column":15},"end":{"line":207,"column":null}},"loc":{"start":{"line":210,"column":48},"end":{"line":220,"column":null}},"line":210}},"branchMap":{"0":{"loc":{"start":{"line":111,"column":9},"end":{"line":111,"column":null}},"type":"binary-expr","locations":[{"start":{"line":111,"column":9},"end":{"line":111,"column":31}},{"start":{"line":111,"column":31},"end":{"line":111,"column":null}}],"line":111},"1":{"loc":{"start":{"line":115,"column":2},"end":{"line":124,"column":null}},"type":"if","locations":[{"start":{"line":115,"column":2},"end":{"line":124,"column":null}},{"start":{},"end":{}}],"line":115},"2":{"loc":{"start":{"line":118,"column":6},"end":{"line":122,"column":null}},"type":"cond-expr","locations":[{"start":{"line":121,"column":10},"end":{"line":121,"column":null}},{"start":{"line":122,"column":10},"end":{"line":122,"column":null}}],"line":118},"3":{"loc":{"start":{"line":118,"column":6},"end":{"line":120,"column":null}},"type":"binary-expr","locations":[{"start":{"line":118,"column":6},"end":{"line":118,"column":null}},{"start":{"line":119,"column":6},"end":{"line":119,"column":null}},{"start":{"line":120,"column":6},"end":{"line":120,"column":null}}],"line":118},"4":{"loc":{"start":{"line":125,"column":2},"end":{"line":127,"column":null}},"type":"if","locations":[{"start":{"line":125,"column":2},"end":{"line":127,"column":null}},{"start":{},"end":{}}],"line":125},"5":{"loc":{"start":{"line":194,"column":2},"end":{"line":194,"column":null}},"type":"default-arg","locations":[{"start":{"line":194,"column":23},"end":{"line":194,"column":null}}],"line":194},"6":{"loc":{"start":{"line":209,"column":2},"end":{"line":209,"column":null}},"type":"default-arg","locations":[{"start":{"line":209,"column":23},"end":{"line":209,"column":null}}],"line":209}},"s":{"0":0,"1":0,"2":4,"3":0,"4":0,"5":0,"6":4,"7":4,"8":0,"9":1,"10":1,"11":1,"12":1,"13":0,"14":1,"15":1,"16":1,"17":0,"18":1,"19":1,"20":1,"21":0,"22":1,"23":1,"24":1,"25":0,"26":1,"27":1},"f":{"0":0,"1":4,"2":1,"3":1,"4":1,"5":1,"6":1},"b":{"0":[0,0],"1":[0,4],"2":[0,0],"3":[0,0,0],"4":[4,0],"5":[1],"6":[1]},"meta":{"lastBranch":7,"lastFunction":7,"lastStatement":28,"seen":{"f:109:9:109:25":0,"s:110:51:110:Infinity":0,"s:111:2:111:Infinity":1,"b:111:9:111:31:111:31:111:Infinity":0,"f:114:9:114:23":1,"b:115:2:124:Infinity:undefined:undefined:undefined:undefined":1,"s:115:2:124:Infinity":2,"s:116:19:116:Infinity":3,"s:118:6:122:Infinity":4,"b:121:10:121:Infinity:122:10:122:Infinity":2,"b:118:6:118:Infinity:119:6:119:Infinity:120:6:120:Infinity":3,"s:123:4:123:Infinity":5,"b:125:2:127:Infinity:undefined:undefined:undefined:undefined":4,"s:125:2:127:Infinity":6,"s:126:4:126:Infinity":7,"s:128:2:128:Infinity":8,"f:135:9:135:46":2,"s:136:2:140:Infinity":9,"s:143:34:143:Infinity":10,"f:149:15:149:Infinity":3,"s:152:2:160:Infinity":11,"s:153:63:156:Infinity":12,"s:157:4:157:Infinity":13,"s:159:4:159:Infinity":14,"f:163:15:163:Infinity":4,"s:166:2:174:Infinity":15,"s:167:54:170:Infinity":16,"s:171:4:171:Infinity":17,"s:173:4:173:Infinity":18,"f:192:15:192:Infinity":5,"b:194:23:194:Infinity":5,"s:196:2:204:Infinity":19,"s:197:62:200:Infinity":20,"s:201:4:201:Infinity":21,"s:203:4:203:Infinity":22,"f:207:15:207:Infinity":6,"b:209:23:209:Infinity":6,"s:211:2:219:Infinity":23,"s:212:62:215:Infinity":24,"s:216:4:216:Infinity":25,"s:218:4:218:Infinity":26,"s:222:25:227:Infinity":27}}}
}
